<?xml version="1.0" encoding="UTF-8"?>
<testng-results ignored="0" total="1" passed="1" failed="0" skipped="0">
  <reporter-output>
  </reporter-output>
  <suite started-at="2023-05-27T22:15:00Z" name="Data Driven Test Suite" finished-at="2023-05-27T22:15:08Z" duration-ms="8346">
    <groups>
    </groups>
    <test started-at="2023-05-27T22:15:00Z" name="LoginTest" finished-at="2023-05-27T22:15:08Z" duration-ms="8346">
      <class name="com.eforu.testcases.LoginTest">
        <test-method is-config="true" signature="setUp()[pri:0, instance:com.eforu.testcases.LoginTest@41ab013]" started-at="2023-05-27T22:14:50Z" name="setUp" finished-at="2023-05-27T22:15:00Z" duration-ms="9939" status="PASS">
          <reporter-output>
          </reporter-output>
        </test-method> <!-- setUp -->
        <test-method signature="loginUser()[pri:0, instance:com.eforu.testcases.LoginTest@41ab013]" started-at="2023-05-27T22:15:00Z" name="loginUser" finished-at="2023-05-27T22:15:08Z" duration-ms="8312" status="PASS">
          <reporter-output>
          </reporter-output>
        </test-method> <!-- loginUser -->
        <test-method is-config="true" signature="tearDown()[pri:0, instance:com.eforu.testcases.LoginTest@41ab013]" started-at="2023-05-27T22:15:08Z" name="tearDown" finished-at="2023-05-27T22:15:11Z" duration-ms="3194" status="PASS">
          <reporter-output>
          </reporter-output>
        </test-method> <!-- tearDown -->
      </class> <!-- com.eforu.testcases.LoginTest -->
    </test> <!-- LoginTest -->
  </suite> <!-- Data Driven Test Suite -->
</testng-results>
